MMM -0.0056
ABT -0.0007
ABBV 0.0073
ACN 0.0034
ATVI 0.0037
AYI -0.0071
ADBE 0.0043
AMD 0.0
AAP -0.0129
AES -0.0089
AET -0.004
AMG 0.0009
AFL -0.0021
A 0.003
APD 0.0073
AKAM -0.0085
ALK 0.0032
ALB 0.0014
ARE -0.0085
AGN 0.0086
LNT -0.001
ALXN -0.0036
ALLE -0.0021
ADS -0.0015
ALL 0.0012
GOOGL 0.004
GOOG 0.0062
MO 0.0004
AMZN 0.0014
AEE -0.0025
AAL 0.0002
AEP -0.0015
AXP -0.0077
AIG 0.0008
AMT 0.0058
AWK -0.0032
AMP 0.0002
ABC 0.0106
AME 0.0015
AMGN -0.005
APH 0.0001
APC -0.0066
ADI -0.0029
ANTM -0.0034
AON 0.0055
APA -0.0104
AIV -0.0116
AAPL 0.0017
AMAT -0.0028
ADM -0.005
ARNC -0.0045
AJG 0.0018
AIZ -0.0053
T -0.0046
ADSK -0.012
ADP -0.0045
AN 0.0002
AZO -0.0097
AVB -0.0094
AVY 0.0
BHI -0.0156
BLL 0.0
BAC -0.0039
BK 0.0
BCR 0.0035
BAX -0.0037
BBT -0.0054
BDX -0.0006
BBBY 0.0008
BRK.B -0.14
BBY 0.0301
BIIB 0.0015
BLK 0.0016
HRB 0.0085
BA 0.0016
BWA -0.0019
BXP -0.0088
BSX 0.0107
BMY 0.0027
AVGO 0.0004
BF.B -0.14
CHRW -0.0058
CA -0.005
COG 0.0009
CPB 0.0009
COF -0.0199
CAH 0.0126
CBOE -0.0033
KMX -0.0122
CCL 0.0046
CAT -0.0069
CBG -0.0198
CBS 0.0088
CELG 0.012
CNC 0.0218
CNP -0.0065
CTL -0.0066
CERN 0.0263
CF 0.0021
SCHW -0.015
CHTR -0.0068
CHK -0.0115
CVX -0.0158
CMG 0.0023
CB 0.0044
CHD 0.0012
CI 0.0015
XEC 0.0052
CINF -0.0031
CTAS -0.0001
CSCO -0.0026
C 0.0045
CFG -0.0078
CTXS 0.0052
CLX -0.0064
CME -0.0137
CMS -0.004
COH 0.024
KO 0.0047
CTSH 0.0015
CL -0.0033
CMCSA -0.0072
CMA -0.0074
CAG -0.0082
CXO 0.0002
COP 0.0043
ED 0.0018
STZ -0.0023
GLW 0.0
COST 0.0008
COTY -0.0114
CCI 0.003
CSRA -0.0126
CSX -0.0024
CMI -0.0074
CVS 0.0003
DHI -0.0051
DHR 0.0003
DRI -0.0147
DVA 0.0024
DE -0.0167
DLPH 0.007
DAL 0.0022
XRAY 0.0019
DVN 0.0021
DLR -0.0091
DFS -0.0062
DISCA 0.0033
DISCK 0.0015
DISH 0.0029
DG -0.0073
DLTR 0.0162
D -0.0043
DOV -0.0029
DOW 0.0149
DPS 0.0028
DTE -0.0027
DD 0.0123
DUK -0.0024
DNB -0.0051
ETFC -0.0027
EMN 0.0097
ETN -0.0022
EBAY 0.0009
ECL 0.0023
EIX -0.0026
EW 0.0029
EA -0.0037
EMR -0.0024
ETR -0.0043
EVHC 0.0082
EOG -0.0156
EQT 0.0251
EFX -0.0028
EQIX -0.0105
EQR -0.0118
ESS -0.0135
EL -0.0022
ES -0.0077
EXC -0.0078
EXPE 0.0003
EXPD -0.0034
ESRX 0.0076
EXR -0.0077
XOM 0.0002
FFIV -0.0003
FB -0.0001
FAST -0.0142
FRT -0.0153
FDX -0.0057
FIS 0.0036
FITB -0.0064
FE 0.0016
FISV -0.0039
FLIR -0.0064
FLS 0.0289
FLR -0.001
FMC 0.0049
FTI 0.0035
FL 0.0029
F -0.0138
FTV -0.0039
FBHS -0.0017
BEN -0.0041
FCX -0.0468
GPS 0.0004
GRMN -0.0065
GD -0.0108
GE -0.0094
GGP -0.0169
GIS -0.0063
GM 0.0043
GPC -0.0009
GILD -0.0001
GPN -0.0038
GS -0.0128
GT 0.0014
GWW -0.009
HAL -0.033
HBI 0.002
HOG -0.0003
HRS -0.0009
HIG 0.0025
HAS -0.0092
HCA 0.0517
HCP 0.0059
HP -0.0135
HSIC 0.0001
HES -0.0067
HPE -0.0022
HOLX 0.0102
HD -0.0057
HON -0.0022
HRL -0.0107
HST -0.0017
HPQ -0.0017
HUM -0.0183
HBAN -0.0069
IDXX 0.0014
ITW -0.0085
ILMN 0.01
IR -0.0078
INTC 0.0065
ICE -0.0075
IBM -0.0003
INCY 0.0018
IP -0.0106
IPG -0.005
IFF -0.0047
INTU -0.0106
ISRG 0.0123
IVZ -0.0033
IRM -0.0043
JEC -0.0079
JBHT 0.0031
SJM -0.0013
JNJ 0.0026
JCI 0.0034
JPM -0.0006
JNPR -0.0025
KSU 0.0152
K -0.006
KEY -0.0035
KMB -0.0007
KIM -0.0257
KMI -0.0057
KLAC 0.0008
KSS 0.004
KHC -0.0047
KR -0.0058
LB 0.0046
LLL -0.0099
LH 0.0037
LRCX 0.0026
LEG -0.0054
LEN -0.0012
LVLT -0.0052
LUK -0.0039
LLY 0.0007
LNC -0.0053
LKQ 0.0
LMT -0.001
L -0.0026
LOW -0.0079
LYB 0.0121
MTB -0.0052
MAC -0.0122
M -0.0085
MNK 0.0288
MRO 0.0096
MPC -0.0008
MAR -0.0035
MMC 0.0005
MLM -0.001
MAS -0.0074
MA -0.0004
MAT 0.0
MKC 0.0035
MCD 0.0012
MCK 0.0197
MJN 0.0009
MDT 0.0004
MRK 0.0002
MET -0.0062
MTD 0.0007
KORS 0.0064
MCHP -0.0045
MU 0.0116
MSFT 0.0018
MAA -0.0074
MHK 0.0027
TAP -0.0058
MDLZ -0.0062
MON 0.0037
MNST -0.0009
MCO -0.0094
MS -0.0207
MOS -0.0038
MSI 0.0039
MUR 0.019
MYL 0.0183
NDAQ -0.012
NOV -0.001
NAVI 0.0007
NTAP 0.0005
NFLX 0.0144
NWL 0.0008
NFX 0.0284
NEM 0.0128
NWSA 0.0024
NWS 0.0
NEE -0.0128
NLSN -0.0061
NKE -0.0076
NI -0.0025
NBL 0.0009
JWN 0.0122
NSC 0.0042
NTRS -0.0079
NOC -0.0044
NRG 0.0011
NUE -0.0044
NVDA 0.0073
ORLY -0.0072
OXY 0.0006
OMC -0.0015
OKE -0.0002
ORCL 0.0043
PCAR -0.0167
PH -0.0066
PDCO 0.0049
PAYX -0.0118
PYPL -0.0012
PNR 0.0056
PBCT -0.0105
PEP -0.0026
PKI 0.0089
PRGO 0.018
PFE 0.0053
PCG -0.0099
PM 0.0053
PSX -0.0003
PNW 0.0002
PXD -0.0028
PNC -0.0101
RL 0.0085
PPG 0.0003
PPL -0.0011
PX 0.0127
PCLN 0.0108
PFG -0.001
PG -0.0009
PGR -0.0013
PLD -0.0227
PRU -0.0089
PEG -0.0091
PSA -0.009
PHM -0.0009
PVH 0.0055
QRVO 0.0108
PWR -0.0042
QCOM -0.0046
DGX -0.0006
RRC 0.0051
RJF -0.0123
RTN 0.0009
O -0.0066
RHT -0.0092
REG -0.0098
REGN 0.0286
RF -0.0105
RSG -0.0062
RAI 0.0018
RHI -0.0216
ROK -0.0026
COL 0.0045
ROP -0.0073
ROST -0.0118
RCL 0.0072
R 0.0072
CRM 0.0
SCG -0.0067
SLB 0.0008
SNI -0.0003
STX -0.0073
SEE -0.0251
SRE -0.0077
SHW 0.0001
SIG 0.0204
SPG -0.0107
SWKS -0.0011
SLG -0.0119
SNA -0.0037
SO -0.0024
LUV 0.0051
SWN 0.0185
SPGI -0.0096
SWK 0.0001
SPLS -0.013
SBUX 0.0074
STT 0.0117
SRCL -0.0054
SYK -0.0002
STI -0.0086
SYMC 0.0
SYF -0.0171
SNPS 0.003
SYY -0.0146
TROW -0.0029
TGT 0.004
TEL 0.0019
TGNA -0.0043
TDC 0.0036
TSO 0.0144
TXN -0.0007
TXT 0.0046
COO 0.0001
HSY 0.0026
TRV 0.002
TMO 0.0036
TIF -0.0033
TWX -0.0015
TJX -0.001
TMK -0.0033
TSS 0.0002
TSCO -0.0087
TDG 0.0214
RIG -0.0171
TRIP -0.0007
FOXA 0.0121
FOX 0.012
TSN -0.0117
UDR -0.0091
ULTA -0.0049
USB -0.007
UA 0.0077
UAA 0.0102
UNP 0.0006
UAL 0.0065
UNH -0.0024
UPS -0.0026
URI -0.0094
UTX 0.0003
UHS 0.0335
UNM -0.0079
VFC 0.0117
VLO 0.0068
VAR 0.0052
VTR 0.0039
VRSN -0.0025
VRSK -0.0004
VZ -0.0109
VRTX 0.0091
VIAB 0.029
V -0.0027
VNO -0.0067
VMC -0.0021
WMT 0.0007
WBA 0.0071
DIS 0.0021
WM -0.0061
WAT 0.0074
WEC -0.0016
WFC -0.0079
HCN 0.0066
WDC 0.005
WU -0.0109
WRK -0.0153
WY 0.0115
WHR -0.0008
WFM -0.0138
WMB -0.001
WLTW 0.0011
WYN -0.003
WYNN 0.0244
XEL 0.0
XRX -0.007
XLNX -0.0073
XL 0.0043
XYL -0.0024
YHOO 0.0
YUM -0.0011
ZBH -0.0031
ZION -0.0032
ZTS 0.0022
AAN 0.0038
ABMD 0.003
ACC -0.0171
ACIW -0.0187
ACM -0.007
ACXM -0.0136
AEO 0.0101
AFG 0.0014
AGCO -0.0137
AHL 0.0019
AKRX 0.0541
ALEX 0.0121
ALGN 0.0013
AMCX -0.003
ANSS -0.0005
AOS 0.0031
ARRS -0.0008
ARW -0.0037
ASB -0.0043
ASH 0.0062
ATI -0.0145
ATO 0.0021
ATR 0.0
AVP -0.0117
AVT -0.0047
BC -0.0151
BDC 0.001
BEAV 0.0022
BID -0.0221
BIG -0.001
BIO -0.0038
BIVV 0.0123
BKH 0.002
BMS -0.001
BOH 0.0005
BR -0.0031
BRCD 0.0
BRO -0.0026
BWLD -0.0202
BXS -0.0034
CAA -0.0008
CAB -0.0024
CABO -0.0027
CAKE -0.0028
CAR -0.0084
CASY 0.0035
CATY -0.0052
CBSH -0.0051
CBT 0.0021
CC 0.007
CCP 0.011
CDK -0.0035
CDNS 0.0022
CEB 0.0013
CFR -0.0153
CGNX 0.0051
CHDN 0.0055
CHFC -0.0066
CHS -0.0071
CIEN 0.0025
CLGX -0.0059
CLH -0.0112
CLI -0.0097
CMC -0.0116
CMP 0.0015
CNK -0.0118
CNO 0.0005
COHR 0.0351
CONE -0.0063
CPRT 0.0124
CPT -0.0105
CR 0.0012
CREE -0.0015
CRI -0.0099
CRL 0.0039
CRS 0.0006
CRUS 0.0072
CSAL 0.0
CSC 0.0052
CNX -0.0057
CSL -0.007
CST -0.0017
CTB 0.0092
CTLT 0.015
CUZ -0.0135
CVG 0.0122
CVLT 0.0041
CXW -0.0063
CW -0.0036
CBRL 0.0041
CY 0.027
DAN 0.0033
DBD 0.0017
DCI -0.0007
DCT -0.017
DDD 0.0042
DDS 0.0
DECK 0.0041
DEI -0.0125
DF -0.0037
DKS -0.0138
DLX -0.0045
DNKN -0.0057
DNOW -0.0156
DO -0.0108
DPZ 0.0055
DRE -0.0203
DRQ 0.001
DST 0.0328
DV 0.006
DY 0.014
EAT -0.0026
EDR -0.0127
ENH 0.0002
EGN -0.005
EME 0.0034
ENDP 0.0532
ENR 0.0005
ENS 0.0049
EPC 0.0003
EPR -0.0067
ESL 0.0097
ESV -0.0059
EV -0.0036
EWBC -0.0063
EXP -0.0035
FAF 0.0125
FCN 0.0
FDS -0.0123
FHN -0.0066
FICO 0.0005
FII 0.0035
FLO 0.0015
FR -0.0125
FNB -0.0076
FSLR -0.0028
FTNT 0.0011
FTR -0.0335
FULT 0.0029
GATX -0.0079
GEF -0.007
GEO -0.0048
GGG -0.0072
GHC 0.0016
GME 0.0072
GMED -0.0027
GNTX -0.001
GNW 0.0178
GPOR 0.0197
GVA -0.0015
GWR 0.0048
GXP -0.0014
HAIN 0.0041
HBHC 0.0023
HE -0.0065
HELE -0.0027
HFC -0.0015
HII -0.0139
HIW -0.0109
HLS 0.0145
HNI -0.0022
HPT -0.0023
HR 0.0028
HRC -0.001
HSNI 0.0014
HUBB -0.0023
HYH 0.0087
IBOC -0.0014
IDA 0.003
IDCC 0.0088
IDTI 0.003
IEX -0.0014
INGR -0.0085
INT 0.0034
IPGP -0.0034
ISCA 0.0154
IT 0.0029
ITT -0.0038
JACK -0.0123
JBL 0.0014
JBLU 0.0176
JCOM 0.0029
JCP 0.0036
JKHY 0.0031
JLL -0.0342
JNS -0.0055
JOY 0.0004
JW.A 0.97
KATE 0.0147
KBH -0.0127
KBR 0.0073
KEX -0.0089
KEYS -0.0079
KLXI -0.0085
KMPR 0.0064
KMT -0.01
KN -0.0059
KRC -0.022
LAMR -0.0025
LANC -0.0031
LDOS -0.0171
LECO -0.0069
LFUS 0.0069
LHO -0.0113
LII 0.0021
LIVN 0.0028
LM 0.0084
LNCE 0.006
LOGM -0.0062
LPNT 0.0169
LPT -0.0183
LPX 0.0004
LSI -0.0209
LSTR -0.0006
LW 0.0068
LYV 0.003
MAN -0.0087
MANH -0.0016
MASI 0.0005
MBFI 0.0005
MCY 0.0131
MD 0.0058
MDP 0.0008
MDRX 0.0701
MDU -0.0011
MENT -0.0005
MKTX -0.0144
MLHR -0.0096
MMS -0.0061
MOH 0.0275
MPW 0.0008
MPWR -0.0039
MSA -0.0025
MSCC -0.0021
MSCI -0.0084
MSM -0.0127
MTX 0.0007
MUSA 0.0069
NATI -0.0003
NBR -0.0306
NCR 0.0018
NDSN -0.0088
NE 0.0
NEU 0.0091
NFG -0.003
NJR 0.0077
NNN -0.0062
NSR 0.0
NTCT 0.0174
NUS 0.0037
NUVA 0.0011
NVR 0.0057
NWE 0.0005
NYCB 0.0079
NYT 0.0
OA -0.0029
ODFL -0.0022
ODP -0.0243
OFC -0.017
OGE -0.0078
OGS 0.0044
OHI 0.0022
OII -0.0052
OIS -0.0316
OLN 0.0003
OI -0.0015
OMI 0.0129
ORI -0.0025
OSK -0.0119
OZRK 0.0036
PACW -0.0092
PAY 0.0101
PB -0.0072
PBH 0.0068
PBI -0.0024
PCH -0.0022
PII 0.0007
PKG -0.0133
PLT 0.006
PNM -0.0013
PNRA 0.0152
POL 0.0027
POOL -0.0009
POST -0.0146
PRI -0.0037
PRXL 0.0011
PTC 0.0131
PTEN -0.0388
PVTB 0.0128
PZZA 0.0266
QCP 0.0028
QEP 0.0033
RBC -0.0055
RDC -0.0007
RE -0.007
RGA -0.0086
RGLD 0.0242
RMD 0.0015
RNR -0.0066
ROL -0.0036
RPM 0.008
RS -0.0117
RYN 0.0029
SAIC -0.0045
SAM 0.0007
SBH -0.0128
SBNY -0.0086
SCI 0.0073
SEIC -0.005
SF -0.0166
SFM -0.0018
SIVB 0.0043
SKT -0.0018
SKX 0.0003
SLAB 0.0034
SLGN -0.007
SLM 0.0137
SM 0.0533
SMG -0.0107
SNH 0.0085
SNV -0.0018
SNX 0.0118
SON -0.0024
SPN -0.026
STE -0.0042
STLD -0.0047
SWX 0.0049
SXT -0.0038
SYNA 0.0063
TCB -0.0075
TCO -0.0146
TDS -0.0055
TDY -0.0014
TECD 0.0001
TECH -0.027
TER 0.0059
TEX -0.0143
TFX 0.0013
THC 0.0142
THG 0.0022
THO -0.0014
THS -0.0042
TIME -0.0052
TKR -0.0149
TOL 0.0006
TPH 0.0008
TPX -0.0066
TR -0.0013
TRMB 0.001
TRMK -0.0061
TRN -0.0112
TTC -0.0043
TTWO 0.0077
TUP -0.0019
TXRH -0.006
TYL -0.0023
UE -0.0175
UFS -0.0083
UGI -0.0004
ULTI 0.0103
UMBF -0.0041
UMPQ -0.0012
UNFI -0.0023
URBN 0.0118
UTHR 0.0032
VAL 0.0
VLY -0.0129
VMI 0.003
VSAT -0.0066
VSH 0.0031
VSM 0.001
VVC -0.0029
WAB -0.0111
WAFD 0.014
WBMD -0.0024
WBS -0.0185
WCG -0.0014
WDR 0.0079
WEN -0.0045
WERN -0.0192
WETF -0.0035
WEX -0.0005
WGL -0.0014
WNR 0.0156
WOOF 0.0009
WOR 0.0006
WPG 0.0
WPX 0.0146
WR -0.0057
WRB 0.0045
WRI -0.0299
WSM 0.0138
WSO -0.0103
WST 0.0009
WTR 0.0016
WWAV 0.0007
WWD 0.0061
X -0.0165
Y 0.0066
ZBRA -0.0027
